<?xml version="1.0" encoding="UTF-8"?>
<!-- Generated by org.testng.reporters.JUnitReportReporter -->
<testsuite hostname="DESKTOP-NOB8PMF" failures="0" tests="3" name="Test.LoginPageTest" time="15.340" errors="0" timestamp="2022-06-18T15:57:34 IST" skipped="0">
  <testcase classname="Test.LoginPageTest" name="forgotpasswordlnkTest" time="4.742"/>
  <system-out/>
  <testcase classname="Test.LoginPageTest" name="signuplinkTest" time="5.248"/>
  <system-out/>
  <testcase classname="Test.LoginPageTest" name="loginwithvalidcredentialstest" time="5.350"/>
  <system-out/>
</testsuite> <!-- Test.LoginPageTest -->
