<?xml version="1.0" encoding="UTF-8"?>
<!-- Generated by org.testng.reporters.JUnitReportReporter -->
<testsuite hostname="DESKTOP-NOB8PMF" failures="0" tests="1" name="Test.PinPageTest" time="11.092" errors="0" timestamp="2022-06-17T11:23:04 IST" skipped="0">
  <testcase classname="Test.PinPageTest" name="logintozrodhawithpinpage" time="11.092"/>
  <system-out/>
</testsuite> <!-- Test.PinPageTest -->
